Using pre-set license
Built from '2020.3/staging' branch; Version is '2020.3.20f1 (41c4e627c95f) revision 4310246'; Using compiler version '192528614'; Build Type 'Release'
OS: 'Windows 10 Home; OS build 19043.1165; Version 2009; 64bit' Language: 'en' Physical Memory: 32684 MB
BatchMode: 1, IsHumanControllingUs: 0, StartBugReporterOnCrash: 0, Is64bit: 1, IsPro: 0

COMMAND LINE ARGUMENTS:
C:\Program Files\Unity\Hub\Editor\2020.3.20f1\Editor\Unity.exe
-adb2
-batchMode
-noUpm
-name
AssetImportWorker0
-projectPath
C:/Users/Owner/Documents/Repos/TacticalMagesUnity/Tactical Mages Game
-logFile
Logs/AssetImportWorker0.log
-srvPort
62401
Successfully changed project path to: C:/Users/Owner/Documents/Repos/TacticalMagesUnity/Tactical Mages Game
C:/Users/Owner/Documents/Repos/TacticalMagesUnity/Tactical Mages Game
Using Asset Import Pipeline V2.
Refreshing native plugins compatible for Editor in 31.46 ms, found 2 plugins.
Preloading 0 native plugins for Editor in 0.00 ms.
Initialize engine version: 2020.3.20f1 (41c4e627c95f)
[Subsystems] Discovering subsystems at path C:/Program Files/Unity/Hub/Editor/2020.3.20f1/Editor/Data/Resources/UnitySubsystems
[Subsystems] Discovering subsystems at path C:/Users/Owner/Documents/Repos/TacticalMagesUnity/Tactical Mages Game/Assets
GfxDevice: creating device client; threaded=0
Direct3D:
    Version:  Direct3D 11.0 [level 11.1]
    Renderer: NVIDIA GeForce RTX 2080 (ID=0x1e82)
    Vendor:   
    VRAM:     8010 MB
    Driver:   27.21.14.6109
Initialize mono
Mono path[0] = 'C:/Program Files/Unity/Hub/Editor/2020.3.20f1/Editor/Data/Managed'
Mono path[1] = 'C:/Program Files/Unity/Hub/Editor/2020.3.20f1/Editor/Data/MonoBleedingEdge/lib/mono/unityjit'
Mono config path = 'C:/Program Files/Unity/Hub/Editor/2020.3.20f1/Editor/Data/MonoBleedingEdge/etc'
Using monoOptions --debugger-agent=transport=dt_socket,embedding=1,server=y,suspend=n,address=127.0.0.1:56940
Begin MonoManager ReloadAssembly
Registering precompiled unity dll's ...
Register platform support module: C:/Program Files/Unity/Hub/Editor/2020.3.20f1/Editor/Data/PlaybackEngines/WindowsStandaloneSupport/UnityEditor.WindowsStandalone.Extensions.dll
Registered in 0.002455 seconds.
Native extension for WindowsStandalone target not found
Refreshing native plugins compatible for Editor in 33.06 ms, found 2 plugins.
Preloading 0 native plugins for Editor in 0.00 ms.
Mono: successfully reloaded assembly
- Completed reload, in  1.951 seconds
Domain Reload Profiling:
	ReloadAssembly (1951ms)
		BeginReloadAssembly (67ms)
			ExecutionOrderSort (0ms)
			DisableScriptedObjects (0ms)
			BackupInstance (0ms)
			ReleaseScriptingObjects (0ms)
			CreateAndSetChildDomain (1ms)
		EndReloadAssembly (395ms)
			LoadAssemblies (65ms)
			RebuildTransferFunctionScriptingTraits (0ms)
			SetupTypeCache (136ms)
			ReleaseScriptCaches (0ms)
			RebuildScriptCaches (32ms)
			SetupLoadedEditorAssemblies (158ms)
				LogAssemblyErrors (0ms)
				InitializePlatformSupportModulesInManaged (5ms)
				SetLoadedEditorAssemblies (0ms)
				RefreshPlugins (33ms)
				BeforeProcessingInitializeOnLoad (16ms)
				ProcessInitializeOnLoadAttributes (76ms)
				ProcessInitializeOnLoadMethodAttributes (27ms)
				AfterProcessingInitializeOnLoad (0ms)
				EditorAssembliesLoaded (0ms)
			ExecutionOrderSort2 (0ms)
			AwakeInstancesAfterBackupRestoration (0ms)
Platform modules already initialized, skipping
Registering precompiled user dll's ...
Registered in 0.006039 seconds.
Begin MonoManager ReloadAssembly
Native extension for WindowsStandalone target not found
Refreshing native plugins compatible for Editor in 0.31 ms, found 2 plugins.
Preloading 0 native plugins for Editor in 0.00 ms.
Mono: successfully reloaded assembly
- Completed reload, in  0.965 seconds
Domain Reload Profiling:
	ReloadAssembly (966ms)
		BeginReloadAssembly (145ms)
			ExecutionOrderSort (0ms)
			DisableScriptedObjects (5ms)
			BackupInstance (0ms)
			ReleaseScriptingObjects (0ms)
			CreateAndSetChildDomain (17ms)
		EndReloadAssembly (765ms)
			LoadAssemblies (100ms)
			RebuildTransferFunctionScriptingTraits (0ms)
			SetupTypeCache (240ms)
			ReleaseScriptCaches (0ms)
			RebuildScriptCaches (47ms)
			SetupLoadedEditorAssemblies (308ms)
				LogAssemblyErrors (0ms)
				InitializePlatformSupportModulesInManaged (5ms)
				SetLoadedEditorAssemblies (0ms)
				RefreshPlugins (0ms)
				BeforeProcessingInitializeOnLoad (78ms)
				ProcessInitializeOnLoadAttributes (208ms)
				ProcessInitializeOnLoadMethodAttributes (11ms)
				AfterProcessingInitializeOnLoad (6ms)
				EditorAssembliesLoaded (0ms)
			ExecutionOrderSort2 (0ms)
			AwakeInstancesAfterBackupRestoration (6ms)
Platform modules already initialized, skipping
========================================================================
Worker process is ready to serve import requests
Launched and connected shader compiler UnityShaderCompiler.exe after 0.07 seconds
Refreshing native plugins compatible for Editor in 0.30 ms, found 2 plugins.
Preloading 0 native plugins for Editor in 0.00 ms.
Unloading 1521 Unused Serialized files (Serialized files now loaded: 0)
System memory in use before: 72.1 MB.
System memory in use after: 72.2 MB.

Unloading 20 unused Assets to reduce memory usage. Loaded Objects now: 1963.
Total: 2.557500 ms (FindLiveObjects: 0.126600 ms CreateObjectMapping: 0.038900 ms MarkObjects: 2.336100 ms  DeleteObjects: 0.055000 ms)

AssetImportParameters requested are different than current active one (requested -> active):
  custom:framework-win-MediaFoundation: 216162199b28c13a410421893ffa2e32 -> 
  custom:video-decoder-ogg-theora: a1e56fd34408186e4bbccfd4996cb3dc -> 
  custom:container-muxer-webm: aa71ff27fc2769a1b78a27578f13a17b -> 
  custom:container-demuxer-webm: 4f35f7cbe854078d1ac9338744f61a02 -> 
  custom:container-demuxer-ogg: 62fdf1f143b41e24485cea50d1cbac27 -> 
  custom:video-encoder-webm-vp8: eb34c28f22e8b96e1ab97ce403110664 -> 
  custom:video-decoder-webm-vp8: 9c59270c3fd7afecdb556c50c9e8de78 -> 
  custom:audio-decoder-ogg-vorbis: bf7c407c2cedff20999df2af8eb42d56 -> 
  custom:audio-encoder-webm-vorbis: bf7c407c2cedff20999df2af8eb42d56 -> 
========================================================================
Received Import Request.
  path: Assets/Art/Sounds/Explosion7.mp3
  artifactKey: Guid(d8b54c7328d3ae74ca71480bf854f8bf) Importer(815301076,1909f56bfc062723c751e8b465ee728b)
Start importing Assets/Art/Sounds/Explosion7.mp3 using Guid(d8b54c7328d3ae74ca71480bf854f8bf) Importer(815301076,1909f56bfc062723c751e8b465ee728b)  -> (artifact id: '72976434b3d8eecfbbd97b1bc1579308') in 0.152559 seconds 
  Import took 0.154772 seconds .

========================================================================
Received Import Request.
  Time since last request: 0.000188 seconds.
  path: Assets/Art/Sounds/Footstep.mp3
  artifactKey: Guid(76c5f09575dac294d860315771aa3835) Importer(815301076,1909f56bfc062723c751e8b465ee728b)
Start importing Assets/Art/Sounds/Footstep.mp3 using Guid(76c5f09575dac294d860315771aa3835) Importer(815301076,1909f56bfc062723c751e8b465ee728b)  -> (artifact id: 'c83c117ab0eb4bb39d4080c7e5bcc5ee') in 0.011713 seconds 
  Import took 0.013803 seconds .

========================================================================
Received Import Request.
  Time since last request: 0.000214 seconds.
  path: Assets/Art
  artifactKey: Guid(82fdf5ac3a506194ba84ade77cd1257e) Importer(815301076,1909f56bfc062723c751e8b465ee728b)
Start importing Assets/Art using Guid(82fdf5ac3a506194ba84ade77cd1257e) Importer(815301076,1909f56bfc062723c751e8b465ee728b)  -> (artifact id: '774290f8f3d8a4fc584d700e5a8ab1f1') in 0.004748 seconds 
  Import took 0.006931 seconds .

========================================================================
Received Import Request.
  Time since last request: 0.000206 seconds.
  path: Assets/Art/Sounds
  artifactKey: Guid(f3c89698117aa9a44961f1ed0744406c) Importer(815301076,1909f56bfc062723c751e8b465ee728b)
Start importing Assets/Art/Sounds using Guid(f3c89698117aa9a44961f1ed0744406c) Importer(815301076,1909f56bfc062723c751e8b465ee728b)  -> (artifact id: 'cc8a85147ba423eaf843fd45b74fe2b5') in 0.004386 seconds 
  Import took 0.006514 seconds .

========================================================================
Received Import Request.
  Time since last request: 0.000170 seconds.
  path: Assets/Art/Sounds/Realm-of-Fantasy_Looping.mp3
  artifactKey: Guid(9a7a8eef5a6d851489018bc7e9c2dd80) Importer(815301076,1909f56bfc062723c751e8b465ee728b)
Start importing Assets/Art/Sounds/Realm-of-Fantasy_Looping.mp3 using Guid(9a7a8eef5a6d851489018bc7e9c2dd80) Importer(815301076,1909f56bfc062723c751e8b465ee728b)  -> (artifact id: 'e049d809a64b01784ac128aad97027c1') in 0.011890 seconds 
  Import took 0.014256 seconds .

========================================================================
Received Import Request.
  Time since last request: 31.486056 seconds.
  path: Assets/Art/Character
  artifactKey: Guid(fbb0eea54aeff9f4cb852eec3be663f3) Importer(815301076,1909f56bfc062723c751e8b465ee728b)
Start importing Assets/Art/Character using Guid(fbb0eea54aeff9f4cb852eec3be663f3) Importer(815301076,1909f56bfc062723c751e8b465ee728b)  -> (artifact id: '86a9f4ab963f8e9ca97de6d5144409ef') in 0.005106 seconds 
  Import took 0.007923 seconds .

========================================================================
Received Prepare
Registering precompiled user dll's ...
Registered in 0.005845 seconds.
Begin MonoManager ReloadAssembly
Native extension for WindowsStandalone target not found
Refreshing native plugins compatible for Editor in 0.30 ms, found 2 plugins.
Preloading 0 native plugins for Editor in 0.00 ms.
Mono: successfully reloaded assembly
- Completed reload, in  0.911 seconds
Domain Reload Profiling:
	ReloadAssembly (911ms)
		BeginReloadAssembly (118ms)
			ExecutionOrderSort (0ms)
			DisableScriptedObjects (6ms)
			BackupInstance (0ms)
			ReleaseScriptingObjects (0ms)
			CreateAndSetChildDomain (33ms)
		EndReloadAssembly (736ms)
			LoadAssemblies (99ms)
			RebuildTransferFunctionScriptingTraits (0ms)
			SetupTypeCache (245ms)
			ReleaseScriptCaches (1ms)
			RebuildScriptCaches (43ms)
			SetupLoadedEditorAssemblies (277ms)
				LogAssemblyErrors (0ms)
				InitializePlatformSupportModulesInManaged (5ms)
				SetLoadedEditorAssemblies (0ms)
				RefreshPlugins (0ms)
				BeforeProcessingInitializeOnLoad (71ms)
				ProcessInitializeOnLoadAttributes (187ms)
				ProcessInitializeOnLoadMethodAttributes (7ms)
				AfterProcessingInitializeOnLoad (6ms)
				EditorAssembliesLoaded (0ms)
			ExecutionOrderSort2 (0ms)
			AwakeInstancesAfterBackupRestoration (8ms)
Platform modules already initialized, skipping
Refreshing native plugins compatible for Editor in 0.37 ms, found 2 plugins.
Preloading 0 native plugins for Editor in 0.00 ms.
Unloading 1502 Unused Serialized files (Serialized files now loaded: 0)
System memory in use before: 73.8 MB.
System memory in use after: 73.9 MB.

Unloading 11 unused Assets to reduce memory usage. Loaded Objects now: 1974.
Total: 2.744400 ms (FindLiveObjects: 0.128600 ms CreateObjectMapping: 0.040800 ms MarkObjects: 2.560900 ms  DeleteObjects: 0.013100 ms)

AssetImportParameters requested are different than current active one (requested -> active):
  custom:framework-win-MediaFoundation: 216162199b28c13a410421893ffa2e32 -> 
  custom:video-decoder-ogg-theora: a1e56fd34408186e4bbccfd4996cb3dc -> 
  custom:container-muxer-webm: aa71ff27fc2769a1b78a27578f13a17b -> 
  custom:container-demuxer-webm: 4f35f7cbe854078d1ac9338744f61a02 -> 
  custom:container-demuxer-ogg: 62fdf1f143b41e24485cea50d1cbac27 -> 
  custom:video-encoder-webm-vp8: eb34c28f22e8b96e1ab97ce403110664 -> 
  custom:video-decoder-webm-vp8: 9c59270c3fd7afecdb556c50c9e8de78 -> 
  custom:audio-decoder-ogg-vorbis: bf7c407c2cedff20999df2af8eb42d56 -> 
  custom:audio-encoder-webm-vorbis: bf7c407c2cedff20999df2af8eb42d56 -> 
========================================================================
Received Prepare
Registering precompiled user dll's ...
Registered in 0.005984 seconds.
Begin MonoManager ReloadAssembly
Native extension for WindowsStandalone target not found
Refreshing native plugins compatible for Editor in 0.32 ms, found 2 plugins.
Preloading 0 native plugins for Editor in 0.00 ms.
Mono: successfully reloaded assembly
- Completed reload, in  1.088 seconds
Domain Reload Profiling:
	ReloadAssembly (1089ms)
		BeginReloadAssembly (132ms)
			ExecutionOrderSort (0ms)
			DisableScriptedObjects (7ms)
			BackupInstance (0ms)
			ReleaseScriptingObjects (0ms)
			CreateAndSetChildDomain (34ms)
		EndReloadAssembly (886ms)
			LoadAssemblies (118ms)
			RebuildTransferFunctionScriptingTraits (0ms)
			SetupTypeCache (307ms)
			ReleaseScriptCaches (1ms)
			RebuildScriptCaches (49ms)
			SetupLoadedEditorAssemblies (325ms)
				LogAssemblyErrors (0ms)
				InitializePlatformSupportModulesInManaged (5ms)
				SetLoadedEditorAssemblies (0ms)
				RefreshPlugins (0ms)
				BeforeProcessingInitializeOnLoad (83ms)
				ProcessInitializeOnLoadAttributes (220ms)
				ProcessInitializeOnLoadMethodAttributes (9ms)
				AfterProcessingInitializeOnLoad (7ms)
				EditorAssembliesLoaded (0ms)
			ExecutionOrderSort2 (0ms)
			AwakeInstancesAfterBackupRestoration (10ms)
Platform modules already initialized, skipping
Refreshing native plugins compatible for Editor in 0.36 ms, found 2 plugins.
Preloading 0 native plugins for Editor in 0.00 ms.
Unloading 1502 Unused Serialized files (Serialized files now loaded: 0)
System memory in use before: 73.8 MB.
System memory in use after: 73.9 MB.

Unloading 11 unused Assets to reduce memory usage. Loaded Objects now: 1976.
Total: 3.119500 ms (FindLiveObjects: 0.175000 ms CreateObjectMapping: 0.117700 ms MarkObjects: 2.806700 ms  DeleteObjects: 0.018800 ms)

AssetImportParameters requested are different than current active one (requested -> active):
  custom:framework-win-MediaFoundation: 216162199b28c13a410421893ffa2e32 -> 
  custom:video-decoder-ogg-theora: a1e56fd34408186e4bbccfd4996cb3dc -> 
  custom:container-muxer-webm: aa71ff27fc2769a1b78a27578f13a17b -> 
  custom:container-demuxer-webm: 4f35f7cbe854078d1ac9338744f61a02 -> 
  custom:container-demuxer-ogg: 62fdf1f143b41e24485cea50d1cbac27 -> 
  custom:video-encoder-webm-vp8: eb34c28f22e8b96e1ab97ce403110664 -> 
  custom:video-decoder-webm-vp8: 9c59270c3fd7afecdb556c50c9e8de78 -> 
  custom:audio-decoder-ogg-vorbis: bf7c407c2cedff20999df2af8eb42d56 -> 
  custom:audio-encoder-webm-vorbis: bf7c407c2cedff20999df2af8eb42d56 -> 
========================================================================
Received Import Request.
  Time since last request: 135.096612 seconds.
  path: Assets/Art/Environment
  artifactKey: Guid(dec173af29a80054eb75263a13749bbb) Importer(815301076,1909f56bfc062723c751e8b465ee728b)
Start importing Assets/Art/Environment using Guid(dec173af29a80054eb75263a13749bbb) Importer(815301076,1909f56bfc062723c751e8b465ee728b)  -> (artifact id: '2e3da8b923be87eb3a27ed8a9d7ec6a6') in 0.007553 seconds 
  Import took 0.010216 seconds .

========================================================================
Received Import Request.
  Time since last request: 0.060378 seconds.
  path: Assets/Art/Environment/Flame TileMap.tga
  artifactKey: Guid(7a52aece77ad876489bff7711ad0e5ae) Importer(815301076,1909f56bfc062723c751e8b465ee728b)
Start importing Assets/Art/Environment/Flame TileMap.tga using Guid(7a52aece77ad876489bff7711ad0e5ae) Importer(815301076,1909f56bfc062723c751e8b465ee728b)  -> (artifact id: '7485916b866acc9a6ddbcca0b8f0e7ce') in 0.040651 seconds 
  Import took 0.042976 seconds .

========================================================================
Received Import Request.
  Time since last request: 0.000220 seconds.
  path: Assets/Art/Environment/Water TileMap.tga
  artifactKey: Guid(e545c16f4917a514d9cf8f737bbdd32a) Importer(815301076,1909f56bfc062723c751e8b465ee728b)
Start importing Assets/Art/Environment/Water TileMap.tga using Guid(e545c16f4917a514d9cf8f737bbdd32a) Importer(815301076,1909f56bfc062723c751e8b465ee728b)  -> (artifact id: 'ef1c69d74139034e3af8744de096270d') in 0.011143 seconds 
  Import took 0.013715 seconds .

========================================================================
Received Import Request.
  Time since last request: 0.000249 seconds.
  path: Assets/Art/Environment/Grasslands TileMap.tga
  artifactKey: Guid(c073605c38642634ca8b4bb6b844aea8) Importer(815301076,1909f56bfc062723c751e8b465ee728b)
Start importing Assets/Art/Environment/Grasslands TileMap.tga using Guid(c073605c38642634ca8b4bb6b844aea8) Importer(815301076,1909f56bfc062723c751e8b465ee728b)  -> (artifact id: '8f81565cdead2c06406e75efb2dbe352') in 0.011522 seconds 
  Import took 0.013823 seconds .

========================================================================
Received Import Request.
  Time since last request: 24.194627 seconds.
  path: Assets/Art/Character/Earth Sprite LVL 1.aseprite
  artifactKey: Guid(884135a27ae48ed498c406cd7bb95f8e) Importer(815301076,1909f56bfc062723c751e8b465ee728b)
Start importing Assets/Art/Character/Earth Sprite LVL 1.aseprite using Guid(884135a27ae48ed498c406cd7bb95f8e) Importer(815301076,1909f56bfc062723c751e8b465ee728b)  -> (artifact id: 'badd1c938a5bdd9c18899e9f76e30416') in 0.012126 seconds 
  Import took 0.015149 seconds .

========================================================================
Received Import Request.
  Time since last request: 0.809523 seconds.
  path: Assets/Art/Character/Flame Sprite LVL 1.aseprite
  artifactKey: Guid(788f673af579e6f43ac60f13d7b26ba8) Importer(815301076,1909f56bfc062723c751e8b465ee728b)
Start importing Assets/Art/Character/Flame Sprite LVL 1.aseprite using Guid(788f673af579e6f43ac60f13d7b26ba8) Importer(815301076,1909f56bfc062723c751e8b465ee728b)  -> (artifact id: 'e5c871d7eb194a79818225bf212bdcf5') in 0.007475 seconds 
  Import took 0.010829 seconds .

========================================================================
Received Import Request.
  Time since last request: 1.036072 seconds.
  path: Assets/Art/Character/Air Sprite LVL 1.aseprite
  artifactKey: Guid(148b5181ad014c34d8da66e58246a861) Importer(815301076,1909f56bfc062723c751e8b465ee728b)
Start importing Assets/Art/Character/Air Sprite LVL 1.aseprite using Guid(148b5181ad014c34d8da66e58246a861) Importer(815301076,1909f56bfc062723c751e8b465ee728b)  -> (artifact id: '26a1826271e599800c4e01d26d5a8299') in 0.005696 seconds 
  Import took 0.008329 seconds .

========================================================================
Received Import Request.
  Time since last request: 6.695624 seconds.
  path: Assets/Art/Character/Water Sprite LVL1.aseprite
  artifactKey: Guid(f9fc5ffc1ee094a479205c506ae981d7) Importer(815301076,1909f56bfc062723c751e8b465ee728b)
Start importing Assets/Art/Character/Water Sprite LVL1.aseprite using Guid(f9fc5ffc1ee094a479205c506ae981d7) Importer(815301076,1909f56bfc062723c751e8b465ee728b)  -> (artifact id: '49613f881cb44ffb12c7dfde49fe7d19') in 0.005249 seconds 
  Import took 0.007906 seconds .

========================================================================
Received Import Request.
  Time since last request: 39.814994 seconds.
  path: Assets/Audio/Sounds/SFX_Explosion7.mp3
  artifactKey: Guid(d8b54c7328d3ae74ca71480bf854f8bf) Importer(815301076,1909f56bfc062723c751e8b465ee728b)
Start importing Assets/Audio/Sounds/SFX_Explosion7.mp3 using Guid(d8b54c7328d3ae74ca71480bf854f8bf) Importer(815301076,1909f56bfc062723c751e8b465ee728b)  -> (artifact id: 'f0feee696397940f76b0a2a1113aa0b5') in 0.024261 seconds 
  Import took 0.026473 seconds .

========================================================================
Received Import Request.
  Time since last request: 5.230674 seconds.
  path: Assets/Audio/Sounds/SFX_Footstep.mp3
  artifactKey: Guid(76c5f09575dac294d860315771aa3835) Importer(815301076,1909f56bfc062723c751e8b465ee728b)
Start importing Assets/Audio/Sounds/SFX_Footstep.mp3 using Guid(76c5f09575dac294d860315771aa3835) Importer(815301076,1909f56bfc062723c751e8b465ee728b)  -> (artifact id: '5f201e39cfbcd5340a070ef38db6451d') in 0.011452 seconds 
  Import took 0.013847 seconds .

========================================================================
Received Import Request.
  Time since last request: 6.684002 seconds.
  path: Assets/Audio/Sounds/MUSIC)Realm-of-Fantasy_Looping.mp3
  artifactKey: Guid(9a7a8eef5a6d851489018bc7e9c2dd80) Importer(815301076,1909f56bfc062723c751e8b465ee728b)
Start importing Assets/Audio/Sounds/MUSIC)Realm-of-Fantasy_Looping.mp3 using Guid(9a7a8eef5a6d851489018bc7e9c2dd80) Importer(815301076,1909f56bfc062723c751e8b465ee728b)  -> (artifact id: 'c880eb65f17b121421fa93859c91d8b4') in 0.012219 seconds 
  Import took 0.014434 seconds .

========================================================================
Received Import Request.
  Time since last request: 6.531579 seconds.
  path: Assets/Audio/Sounds/MUSIC_Realm-of-Fantasy_Looping.mp3
  artifactKey: Guid(9a7a8eef5a6d851489018bc7e9c2dd80) Importer(815301076,1909f56bfc062723c751e8b465ee728b)
Start importing Assets/Audio/Sounds/MUSIC_Realm-of-Fantasy_Looping.mp3 using Guid(9a7a8eef5a6d851489018bc7e9c2dd80) Importer(815301076,1909f56bfc062723c751e8b465ee728b)  -> (artifact id: 'd4e3e6e22eca337890abdc8ef2a22286') in 0.011729 seconds 
  Import took 0.013884 seconds .

========================================================================
Received Import Request.
  Time since last request: 60.556524 seconds.
  path: Assets/Audio/Audio_Resources.txt
  artifactKey: Guid(3159128b59635e84fa27a5f1c5e50f87) Importer(815301076,1909f56bfc062723c751e8b465ee728b)
Start importing Assets/Audio/Audio_Resources.txt using Guid(3159128b59635e84fa27a5f1c5e50f87) Importer(815301076,1909f56bfc062723c751e8b465ee728b)  -> (artifact id: 'a55f1bd15cb1cbf0c28010e99f3e91e8') in 0.011008 seconds 
  Import took 0.013250 seconds .

========================================================================
Received Import Request.
  Time since last request: 5.864755 seconds.
  path: Assets/Audio/Music
  artifactKey: Guid(a0a43ae71c7508340a058ebc1b471501) Importer(815301076,1909f56bfc062723c751e8b465ee728b)
Start importing Assets/Audio/Music using Guid(a0a43ae71c7508340a058ebc1b471501) Importer(815301076,1909f56bfc062723c751e8b465ee728b)  -> (artifact id: '10a6290b0d6313b63afe09fa9c07f06d') in 0.004986 seconds 
  Import took 0.007372 seconds .

========================================================================
Received Import Request.
  Time since last request: 10.677899 seconds.
  path: Assets/Audio/Sound Effects
  artifactKey: Guid(e2a4506e1afc6274b96e26e959af1b0a) Importer(815301076,1909f56bfc062723c751e8b465ee728b)
Start importing Assets/Audio/Sound Effects using Guid(e2a4506e1afc6274b96e26e959af1b0a) Importer(815301076,1909f56bfc062723c751e8b465ee728b)  -> (artifact id: 'aa72ec203df2d2cb07416c5f743ae31b') in 0.005531 seconds 
  Import took 0.008014 seconds .

========================================================================
Received Prepare
Refreshing native plugins compatible for Editor in 4.51 ms, found 2 plugins.
Preloading 0 native plugins for Editor in 0.00 ms.
Unloading 9 Unused Serialized files (Serialized files now loaded: 0)
System memory in use before: 44.4 MB.
System memory in use after: 44.5 MB.

Unloading 9 unused Assets to reduce memory usage. Loaded Objects now: 1980.
Total: 3.319700 ms (FindLiveObjects: 0.183300 ms CreateObjectMapping: 0.063600 ms MarkObjects: 3.060400 ms  DeleteObjects: 0.011700 ms)

AssetImportParameters requested are different than current active one (requested -> active):
  custom:framework-win-MediaFoundation: 216162199b28c13a410421893ffa2e32 -> 
  custom:video-decoder-ogg-theora: a1e56fd34408186e4bbccfd4996cb3dc -> 
  custom:container-muxer-webm: aa71ff27fc2769a1b78a27578f13a17b -> 
  custom:container-demuxer-webm: 4f35f7cbe854078d1ac9338744f61a02 -> 
  custom:container-demuxer-ogg: 62fdf1f143b41e24485cea50d1cbac27 -> 
  custom:video-encoder-webm-vp8: eb34c28f22e8b96e1ab97ce403110664 -> 
  custom:video-decoder-webm-vp8: 9c59270c3fd7afecdb556c50c9e8de78 -> 
  custom:audio-decoder-ogg-vorbis: bf7c407c2cedff20999df2af8eb42d56 -> 
  custom:audio-encoder-webm-vorbis: bf7c407c2cedff20999df2af8eb42d56 -> 
========================================================================
Received Import Request.
  Time since last request: 581.031960 seconds.
  path: Assets/Scenes/New Scene.unity
  artifactKey: Guid(a4ad3694836695f40af0596e2c402cc5) Importer(815301076,1909f56bfc062723c751e8b465ee728b)
Start importing Assets/Scenes/New Scene.unity using Guid(a4ad3694836695f40af0596e2c402cc5) Importer(815301076,1909f56bfc062723c751e8b465ee728b)  -> (artifact id: 'de862815619381253046e9f00af4f50f') in 0.008173 seconds 
  Import took 0.011355 seconds .

AssetImportWorkerClient::OnTransportError - code=2 error=End of file
